Restler Information: 0 : Starting task FuzzLean...
    DateTime=2024-11-27T15:12:29.7178490Z
Restler Information: 0 : Launching 'python3 --version'
    DateTime=2024-11-27T15:12:30.5115277Z
Restler Information: 0 : Launching 'python --version'
    DateTime=2024-11-27T15:12:30.5116383Z
Restler Information: 0 : Process execution terminated in 00:00:00.0139497 with exit code 0x0: 'python3 --version'
    DateTime=2024-11-27T15:12:30.5405172Z
Restler Information: 0 : (57089) python3 --version exited with code: 0
    DateTime=2024-11-27T15:12:30.5444869Z
Restler Information: 0 : Launching 'python3 -B "/home/daniela/Documents/Restler_folder/restler_bin/restler/../engine/restler.py" --restler_grammar "/home/daniela/Documents/Tests/CS09/restler/Compile/grammar.py" --custom_mutations "/home/daniela/Documents/Tests/CS09/restler/Compile/dict.json" --set_version 9.2.4    --no_ssl   --settings "/home/daniela/Documents/Tests/CS09/restler/Compile/engine_settings.json" --enable_checkers * --disable_checkers namespacerule    --include_user_agent --no_tokens_in_logs t --garbage_collection_interval 30 --fuzzing_mode directed-smoke-test'
    DateTime=2024-11-27T15:12:30.5559311Z
Restler Information: 0 : Ctrl-C intercepted. Long running tasks should have exited. Uploading logs.
    DateTime=2024-11-27T15:45:51.5002579Z
Restler Information: 0 : Process execution terminated in 00:33:20.9553401 with exit code 0x0: 'python3 -B "/home/daniela/Documents/Restler_folder/restler_bin/restler/../engine/restler.py" --restler_grammar "/home/daniela/Documents/Tests/CS09/restler/Compile/grammar.py" --custom_mutations "/home/daniela/Documents/Tests/CS09/restler/Compile/dict.json" --set_version 9.2.4    --no_ssl   --settings "/home/daniela/Documents/Tests/CS09/restler/Compile/engine_settings.json" --enable_checkers * --disable_checkers namespacerule    --include_user_agent --no_tokens_in_logs t --garbage_collection_interval 30 --fuzzing_mode directed-smoke-test'
    DateTime=2024-11-27T15:45:51.5113824Z
Restler Information: 0 : (57091) python3 -B "/home/daniela/Documents/Restler_folder/restler_bin/restler/../engine/restler.py" --restler_grammar "/home/daniela/Documents/Tests/CS09/restler/Compile/grammar.py" --custom_mutations "/home/daniela/Documents/Tests/CS09/restler/Compile/dict.json" --set_version 9.2.4    --no_ssl   --settings "/home/daniela/Documents/Tests/CS09/restler/Compile/engine_settings.json" --enable_checkers * --disable_checkers namespacerule    --include_user_agent --no_tokens_in_logs t --garbage_collection_interval 30 --fuzzing_mode directed-smoke-test exited with code: 0
    DateTime=2024-11-27T15:45:51.5115492Z
Restler Information: 0 : Launching 'dotnet "/home/daniela/Documents/Restler_folder/restler_bin/restler/../resultsAnalyzer/Restler.ResultsAnalyzer.dll" analyze "/home/daniela/Documents/Tests/CS09/restler/FuzzLean" --output_dir "/home/daniela/Documents/Tests/CS09/restler/FuzzLean/ResponseBuckets" --dictionary_file "/home/daniela/Documents/Tests/CS09/restler/Compile/dict.json" --max_instances_per_bucket 10'
    DateTime=2024-11-27T15:45:51.5207363Z
Restler Information: 0 : Process execution terminated in 00:00:02.2541328 with exit code 0x86: 'dotnet "/home/daniela/Documents/Restler_folder/restler_bin/restler/../resultsAnalyzer/Restler.ResultsAnalyzer.dll" analyze "/home/daniela/Documents/Tests/CS09/restler/FuzzLean" --output_dir "/home/daniela/Documents/Tests/CS09/restler/FuzzLean/ResponseBuckets" --dictionary_file "/home/daniela/Documents/Tests/CS09/restler/Compile/dict.json" --max_instances_per_bucket 10'
    DateTime=2024-11-27T15:45:53.7752220Z
Restler Information: 0 : (59129) dotnet "/home/daniela/Documents/Restler_folder/restler_bin/restler/../resultsAnalyzer/Restler.ResultsAnalyzer.dll" analyze "/home/daniela/Documents/Tests/CS09/restler/FuzzLean" --output_dir "/home/daniela/Documents/Tests/CS09/restler/FuzzLean/ResponseBuckets" --dictionary_file "/home/daniela/Documents/Tests/CS09/restler/Compile/dict.json" --max_instances_per_bucket 10 exited with code: 134
    DateTime=2024-11-27T15:45:53.7770391Z
Restler Error: 0 : Results analyzer for logs in /home/daniela/Documents/Tests/CS09/restler/FuzzLean failed.
    DateTime=2024-11-27T15:45:53.7857770Z
Restler Information: 0 : Testing summary was not found.
    DateTime=2024-11-27T15:45:53.7971885Z
Restler Error: 0 : Task FuzzLean failed.  Exception: System.Collections.Generic.KeyNotFoundException: The given key was not present in the dictionary.
   at Program.runRestlerTask@967-20.Invoke(FSharpOption`1 analyzerResult) in /home/daniela/Documents/Restler_folder/restler-fuzzer-main/src/driver/Program.fs:line 982
   at Microsoft.FSharp.Control.AsyncPrimitives.CallThenInvokeNoHijackCheck[a,b](AsyncActivation`1 ctxt, FSharpFunc`2 userCode, b result1) in F:\workspace\_work\1\s\src\fsharp\FSharp.Core\async.fs:line 416
   at Program.runRestlerTask@963-17.Invoke(AsyncActivation`1 ctxt)
   at Program.Fuzz.runResultsAnalyzer@394-7.Invoke(AsyncActivation`1 ctxt)
   at Microsoft.FSharp.Control.AsyncPrimitives.unitAsync@589.Invoke(AsyncActivation`1 ctxt) in F:\workspace\_work\1\s\src\fsharp\FSharp.Core\async.fs:line 589
   at Microsoft.FSharpLu.Diagnostics.Process.startProcessAsync@290-49.Invoke(AsyncActivation`1 ctxt)
   at Microsoft.FSharp.Control.AsyncPrimitives.unitAsync@589.Invoke(AsyncActivation`1 ctxt) in F:\workspace\_work\1\s\src\fsharp\FSharp.Core\async.fs:line 589
   at Microsoft.FSharp.Control.Trampoline.Execute(FSharpFunc`2 firstAction) in F:\workspace\_work\1\s\src\fsharp\FSharp.Core\async.fs:line 109
    DateTime=2024-11-27T15:45:53.8112104Z
Restler Information: 0 : Task FuzzLean failed.
    DateTime=2024-11-27T15:45:53.8125923Z
Restler Information: 0 : Collecting logs...
    DateTime=2024-11-27T15:45:54.4998207Z
